# This is a continuation of trace file /home/andressmateo/workspace/.metadata/trace.log.bak_0
# version: 1.1
# verbose: true
# Time of creation: 2015-03-09 17:46:35.269
| Output Stream Monitor | 2015-03-09 17:46:35.269 | org.eclipse.thym.core | /debug | org.eclipse.thym.core.HybridCore | trace | 175 | Success
 |
| Worker-27 | 2015-03-09 17:46:36.891 | org.eclipse.thym.core | /debug | org.eclipse.thym.core.HybridCore | trace | 175 | Sync Execute command line: "/home/andressmateo/android-sdk-linux/platform-tools/adb" -s SSORCAGAYTGUHEDA shell am start -n intere.stack/.IntereStack |
| Worker-27 | 2015-03-09 17:46:36.894 | org.eclipse.thym.core | /debug | org.eclipse.thym.core.HybridCore | trace | 175 | Creating TracingStreamListeners for "/home/andressmateo/android-sdk-linux/platform-tools/adb" -s SSORCAGAYTGUHEDA shell am start -n intere.stack/.IntereStack |
| Output Stream Monitor | 2015-03-09 17:46:38.946 | org.eclipse.thym.core | /debug | org.eclipse.thym.core.HybridCore | trace | 175 | Starting: Intent { cmp=intere.stack/.IntereStack }
 |
| Worker-27 | 2015-03-09 17:46:39.352 | org.eclipse.thym.core | /debug | org.eclipse.thym.core.HybridCore | trace | 175 | Async Execute command line: "/home/andressmateo/android-sdk-linux/platform-tools/adb" -s SSORCAGAYTGUHEDA logcat Cordova:V DroidGap:V CordovaLog:V CordovaPlugin:V CordovaChromeClient:V CordovaWebView:V *:S |
| Output Stream Monitor | 2015-03-09 17:46:39.449 | org.eclipse.thym.core | /debug | org.eclipse.thym.core.HybridCore | trace | 175 | --------- beginning of /dev/log/system
 |
| Output Stream Monitor | 2015-03-09 17:46:39.593 | org.eclipse.thym.core | /debug | org.eclipse.thym.core.HybridCore | trace | 175 | --------- beginning of /dev/log/main
 |
| Output Stream Monitor | 2015-03-09 17:46:39.710 | org.eclipse.thym.core | /debug | org.eclipse.thym.core.HybridCore | trace | 175 | D/CordovaWebView(16098): CordovaWebView is running on device made by: TCT
 |
| main | 2015-03-09 17:49:08.500 | org.eclipse.thym.core | /debug | org.eclipse.thym.core.HybridCore | trace | 175 | Sync Execute command line: "/home/andressmateo/android-sdk-linux/tools/android" list target |
| main | 2015-03-09 17:49:08.503 | org.eclipse.thym.core | /debug | org.eclipse.thym.core.HybridCore | trace | 175 | Creating TracingStreamListeners for "/home/andressmateo/android-sdk-linux/tools/android" list target |
| Output Stream Monitor | 2015-03-09 17:49:08.971 | org.eclipse.thym.core | /debug | org.eclipse.thym.core.HybridCore | trace | 175 | Available Android targets:
 |
| Output Stream Monitor | 2015-03-09 17:49:09.141 | org.eclipse.thym.core | /debug | org.eclipse.thym.core.HybridCore | trace | 175 | ----------
 |
| Output Stream Monitor | 2015-03-09 17:49:09.142 | org.eclipse.thym.core | /debug | org.eclipse.thym.core.HybridCore | trace | 175 | id:  |
| Output Stream Monitor | 2015-03-09 17:49:09.142 | org.eclipse.thym.core | /debug | org.eclipse.thym.core.HybridCore | trace | 175 | 1 or "android-21"
 |
| Output Stream Monitor | 2015-03-09 17:49:09.142 | org.eclipse.thym.core | /debug | org.eclipse.thym.core.HybridCore | trace | 175 |      Name: Android 5.0.1
     Type: Platform
 |
| Output Stream Monitor | 2015-03-09 17:49:09.142 | org.eclipse.thym.core | /debug | org.eclipse.thym.core.HybridCore | trace | 175 |      API level: 21 |
| Output Stream Monitor | 2015-03-09 17:49:09.142 | org.eclipse.thym.core | /debug | org.eclipse.thym.core.HybridCore | trace | 175 | 
 |
| Output Stream Monitor | 2015-03-09 17:49:09.142 | org.eclipse.thym.core | /debug | org.eclipse.thym.core.HybridCore | trace | 175 |      Revision: 2
 |
| Output Stream Monitor | 2015-03-09 17:49:09.143 | org.eclipse.thym.core | /debug | org.eclipse.thym.core.HybridCore | trace | 175 |      Skins:  |
| Output Stream Monitor | 2015-03-09 17:49:09.143 | org.eclipse.thym.core | /debug | org.eclipse.thym.core.HybridCore | trace | 175 | HVGA, QVGA |
| Output Stream Monitor | 2015-03-09 17:49:09.143 | org.eclipse.thym.core | /debug | org.eclipse.thym.core.HybridCore | trace | 175 | , WQVGA400, WQVGA432,  |
| Output Stream Monitor | 2015-03-09 17:49:09.143 | org.eclipse.thym.core | /debug | org.eclipse.thym.core.HybridCore | trace | 175 | WSVGA, WVGA800 (default) |
| Output Stream Monitor | 2015-03-09 17:49:09.143 | org.eclipse.thym.core | /debug | org.eclipse.thym.core.HybridCore | trace | 175 | , WVGA854, WXGA720 |
| Output Stream Monitor | 2015-03-09 17:49:09.144 | org.eclipse.thym.core | /debug | org.eclipse.thym.core.HybridCore | trace | 175 | , WXGA800, WXGA800-7in |
| Output Stream Monitor | 2015-03-09 17:49:09.144 | org.eclipse.thym.core | /debug | org.eclipse.thym.core.HybridCore | trace | 175 | 
 Tag/ABIs :  |
| Output Stream Monitor | 2015-03-09 17:49:09.144 | org.eclipse.thym.core | /debug | org.eclipse.thym.core.HybridCore | trace | 175 | default/armeabi-v7a
 |
| Output Stream Monitor | 2015-03-09 17:49:09.144 | org.eclipse.thym.core | /debug | org.eclipse.thym.core.HybridCore | trace | 175 | ----------
 |
| Output Stream Monitor | 2015-03-09 17:49:09.144 | org.eclipse.thym.core | /debug | org.eclipse.thym.core.HybridCore | trace | 175 | id:  |
| Output Stream Monitor | 2015-03-09 17:49:09.144 | org.eclipse.thym.core | /debug | org.eclipse.thym.core.HybridCore | trace | 175 | 2 or "Google Inc.:Google APIs:21"
 |
| Output Stream Monitor | 2015-03-09 17:49:09.145 | org.eclipse.thym.core | /debug | org.eclipse.thym.core.HybridCore | trace | 175 |      Name: Google APIs
     Type: Add-On
 |
| Output Stream Monitor | 2015-03-09 17:49:09.145 | org.eclipse.thym.core | /debug | org.eclipse.thym.core.HybridCore | trace | 175 |      Vendor: Google Inc.
     Revision:  |
| Output Stream Monitor | 2015-03-09 17:49:09.145 | org.eclipse.thym.core | /debug | org.eclipse.thym.core.HybridCore | trace | 175 | 1
     Description: Android + Google APIs
 |
| Output Stream Monitor | 2015-03-09 17:49:09.145 | org.eclipse.thym.core | /debug | org.eclipse.thym.core.HybridCore | trace | 175 |      Based on Android 5.0.1 (API level  |
| Output Stream Monitor | 2015-03-09 17:49:09.145 | org.eclipse.thym.core | /debug | org.eclipse.thym.core.HybridCore | trace | 175 | 21)
     Libraries:
 |
| Output Stream Monitor | 2015-03-09 17:49:09.145 | org.eclipse.thym.core | /debug | org.eclipse.thym.core.HybridCore | trace | 175 |       * com.google.android.media.effects (effects.jar)
 |
| Output Stream Monitor | 2015-03-09 17:49:09.146 | org.eclipse.thym.core | /debug | org.eclipse.thym.core.HybridCore | trace | 175 |           Collection of video effects
 |
| Output Stream Monitor | 2015-03-09 17:49:09.146 | org.eclipse.thym.core | /debug | org.eclipse.thym.core.HybridCore | trace | 175 |       * com.android.future.usb.accessory (usb.jar)
 |
| Output Stream Monitor | 2015-03-09 17:49:09.146 | org.eclipse.thym.core | /debug | org.eclipse.thym.core.HybridCore | trace | 175 |           API for USB Accessories
 |
| Output Stream Monitor | 2015-03-09 17:49:09.146 | org.eclipse.thym.core | /debug | org.eclipse.thym.core.HybridCore | trace | 175 |       * com.google.android.maps ( |
| Output Stream Monitor | 2015-03-09 17:49:09.146 | org.eclipse.thym.core | /debug | org.eclipse.thym.core.HybridCore | trace | 175 | maps.jar)
          API for Google Maps
 |
| Output Stream Monitor | 2015-03-09 17:49:09.146 | org.eclipse.thym.core | /debug | org.eclipse.thym.core.HybridCore | trace | 175 |      Skins: HVGA, QVGA |
| Output Stream Monitor | 2015-03-09 17:49:09.147 | org.eclipse.thym.core | /debug | org.eclipse.thym.core.HybridCore | trace | 175 | , WQVGA400, WQVGA432 |
| Output Stream Monitor | 2015-03-09 17:49:09.147 | org.eclipse.thym.core | /debug | org.eclipse.thym.core.HybridCore | trace | 175 | , WSVGA, WVGA800 |
| Output Stream Monitor | 2015-03-09 17:49:09.147 | org.eclipse.thym.core | /debug | org.eclipse.thym.core.HybridCore | trace | 175 |  (default), WVGA854,  |
| Output Stream Monitor | 2015-03-09 17:49:09.147 | org.eclipse.thym.core | /debug | org.eclipse.thym.core.HybridCore | trace | 175 | WXGA720, WXGA800,  |
| Output Stream Monitor | 2015-03-09 17:49:09.147 | org.eclipse.thym.core | /debug | org.eclipse.thym.core.HybridCore | trace | 175 | WXGA800-7in
 Tag/ABIs : no ABIs.
 |
| Worker-24 | 2015-03-09 17:49:09.159 | org.eclipse.thym.core | /debug | org.eclipse.thym.core.HybridCore | trace | 175 | Sync Execute command line: "/home/andressmateo/android-sdk-linux/platform-tools/adb" start-server |
| Worker-24 | 2015-03-09 17:49:09.162 | org.eclipse.thym.core | /debug | org.eclipse.thym.core.HybridCore | trace | 175 | Creating TracingStreamListeners for "/home/andressmateo/android-sdk-linux/platform-tools/adb" start-server |
| Worker-24 | 2015-03-09 17:49:09.213 | org.eclipse.thym.core | /debug | org.eclipse.thym.core.HybridCore | trace | 175 | Sync Execute command line: "/home/andressmateo/android-sdk-linux/platform-tools/adb" devices |
| Worker-24 | 2015-03-09 17:49:09.217 | org.eclipse.thym.core | /debug | org.eclipse.thym.core.HybridCore | trace | 175 | Creating TracingStreamListeners for "/home/andressmateo/android-sdk-linux/platform-tools/adb" devices |
| Worker-24 | 2015-03-09 17:49:09.236 | org.eclipse.thym.core | /debug | org.eclipse.thym.core.HybridCore | trace | 175 | Completed WidgetModel.getWidgetForRead it 0ms |
| Worker-24 | 2015-03-09 17:49:09.236 | org.eclipse.thym.core | /debug | org.eclipse.thym.core.HybridCore | trace | 175 | Completed WidgetModel.getWidgetForRead it 0ms |
| Worker-24 | 2015-03-09 17:49:09.237 | org.eclipse.thym.core | /debug | org.eclipse.thym.core.HybridCore | trace | 175 | Sync Execute command line: "/home/andressmateo/android-sdk-linux/tools/android" list target |
| Worker-24 | 2015-03-09 17:49:09.239 | org.eclipse.thym.core | /debug | org.eclipse.thym.core.HybridCore | trace | 175 | Creating TracingStreamListeners for "/home/andressmateo/android-sdk-linux/tools/android" list target |
| Output Stream Monitor | 2015-03-09 17:49:09.720 | org.eclipse.thym.core | /debug | org.eclipse.thym.core.HybridCore | trace | 175 | Available Android targets:
 |
| Output Stream Monitor | 2015-03-09 17:49:09.888 | org.eclipse.thym.core | /debug | org.eclipse.thym.core.HybridCore | trace | 175 | ----------
 |
| Output Stream Monitor | 2015-03-09 17:49:09.888 | org.eclipse.thym.core | /debug | org.eclipse.thym.core.HybridCore | trace | 175 | id: 1 |
| Output Stream Monitor | 2015-03-09 17:49:09.889 | org.eclipse.thym.core | /debug | org.eclipse.thym.core.HybridCore | trace | 175 |  or "android-21"
     Name: Android 5.0.1
 |
| Output Stream Monitor | 2015-03-09 17:49:09.889 | org.eclipse.thym.core | /debug | org.eclipse.thym.core.HybridCore | trace | 175 |      Type: Platform
     API level: 21
 |
| Output Stream Monitor | 2015-03-09 17:49:09.889 | org.eclipse.thym.core | /debug | org.eclipse.thym.core.HybridCore | trace | 175 |      Revision: 2
 |
| Output Stream Monitor | 2015-03-09 17:49:09.889 | org.eclipse.thym.core | /debug | org.eclipse.thym.core.HybridCore | trace | 175 |      Skins: HVGA, QVGA |
| Output Stream Monitor | 2015-03-09 17:49:09.890 | org.eclipse.thym.core | /debug | org.eclipse.thym.core.HybridCore | trace | 175 | , WQVGA400, WQVGA432,  |
| Output Stream Monitor | 2015-03-09 17:49:09.890 | org.eclipse.thym.core | /debug | org.eclipse.thym.core.HybridCore | trace | 175 | WSVGA, WVGA800 (default) |
| Output Stream Monitor | 2015-03-09 17:49:09.890 | org.eclipse.thym.core | /debug | org.eclipse.thym.core.HybridCore | trace | 175 | , WVGA854, WXGA720 |
| Output Stream Monitor | 2015-03-09 17:49:09.891 | org.eclipse.thym.core | /debug | org.eclipse.thym.core.HybridCore | trace | 175 | , WXGA800, WXGA800-7in |
| Output Stream Monitor | 2015-03-09 17:49:09.891 | org.eclipse.thym.core | /debug | org.eclipse.thym.core.HybridCore | trace | 175 | 
 Tag/ABIs :  |
| Output Stream Monitor | 2015-03-09 17:49:09.892 | org.eclipse.thym.core | /debug | org.eclipse.thym.core.HybridCore | trace | 175 | default/armeabi-v7a
----------
 |
| Output Stream Monitor | 2015-03-09 17:49:09.892 | org.eclipse.thym.core | /debug | org.eclipse.thym.core.HybridCore | trace | 175 | id:  |
| Output Stream Monitor | 2015-03-09 17:49:09.892 | org.eclipse.thym.core | /debug | org.eclipse.thym.core.HybridCore | trace | 175 | 2 |
| Output Stream Monitor | 2015-03-09 17:49:09.893 | org.eclipse.thym.core | /debug | org.eclipse.thym.core.HybridCore | trace | 175 |  or "Google Inc.:Google APIs:21"
     Name: Google APIs
 |
| Output Stream Monitor | 2015-03-09 17:49:09.893 | org.eclipse.thym.core | /debug | org.eclipse.thym.core.HybridCore | trace | 175 |      Type: Add-On
     Vendor: Google Inc.
 |
| Output Stream Monitor | 2015-03-09 17:49:09.893 | org.eclipse.thym.core | /debug | org.eclipse.thym.core.HybridCore | trace | 175 |      Revision: 1
 |
| Output Stream Monitor | 2015-03-09 17:49:09.893 | org.eclipse.thym.core | /debug | org.eclipse.thym.core.HybridCore | trace | 175 |      Description: Android + Google APIs
 |
| Output Stream Monitor | 2015-03-09 17:49:09.894 | org.eclipse.thym.core | /debug | org.eclipse.thym.core.HybridCore | trace | 175 |      Based on Android 5.0.1 (API level 21)
     Libraries:
 |
| Output Stream Monitor | 2015-03-09 17:49:09.894 | org.eclipse.thym.core | /debug | org.eclipse.thym.core.HybridCore | trace | 175 |       * com.google.android.media.effects ( |
| Output Stream Monitor | 2015-03-09 17:49:09.894 | org.eclipse.thym.core | /debug | org.eclipse.thym.core.HybridCore | trace | 175 | effects.jar)
          Collection of video effects |
| Output Stream Monitor | 2015-03-09 17:49:09.895 | org.eclipse.thym.core | /debug | org.eclipse.thym.core.HybridCore | trace | 175 | 
      * com.android.future.usb.accessory |
| Output Stream Monitor | 2015-03-09 17:49:09.895 | org.eclipse.thym.core | /debug | org.eclipse.thym.core.HybridCore | trace | 175 |  (usb.jar)
          API for USB Accessories |
| Output Stream Monitor | 2015-03-09 17:49:09.895 | org.eclipse.thym.core | /debug | org.eclipse.thym.core.HybridCore | trace | 175 | 
      * com.google.android.maps |
| Output Stream Monitor | 2015-03-09 17:49:09.895 | org.eclipse.thym.core | /debug | org.eclipse.thym.core.HybridCore | trace | 175 |  (maps.jar)
          API for Google Maps |
| Output Stream Monitor | 2015-03-09 17:49:09.896 | org.eclipse.thym.core | /debug | org.eclipse.thym.core.HybridCore | trace | 175 | 
     Skins: HVGA,  |
| Output Stream Monitor | 2015-03-09 17:49:09.896 | org.eclipse.thym.core | /debug | org.eclipse.thym.core.HybridCore | trace | 175 | QVGA, WQVGA400,  |
| Output Stream Monitor | 2015-03-09 17:49:09.896 | org.eclipse.thym.core | /debug | org.eclipse.thym.core.HybridCore | trace | 175 | WQVGA432, WSVGA,  |
| Output Stream Monitor | 2015-03-09 17:49:09.896 | org.eclipse.thym.core | /debug | org.eclipse.thym.core.HybridCore | trace | 175 | WVGA800 (default), WVGA854 |
| Output Stream Monitor | 2015-03-09 17:49:09.897 | org.eclipse.thym.core | /debug | org.eclipse.thym.core.HybridCore | trace | 175 | , WXGA720, WXGA800 |
| Output Stream Monitor | 2015-03-09 17:49:09.897 | org.eclipse.thym.core | /debug | org.eclipse.thym.core.HybridCore | trace | 175 | , WXGA800-7in
 Tag/ABIs :  |
| Output Stream Monitor | 2015-03-09 17:49:09.898 | org.eclipse.thym.core | /debug | org.eclipse.thym.core.HybridCore | trace | 175 | no ABIs.
 |
| Worker-24 | 2015-03-09 17:49:09.969 | org.eclipse.thym.core | /debug | org.eclipse.thym.core.HybridCore | trace | 175 | Sync Execute command line: "/home/andressmateo/android-sdk-linux/tools/android" create project --target android-21 --path "/opt/eclipse/configuration/org.eclipse.osgi/956/data/proj_gen/IntereStack/android" --name "IntereStack" --activity IntereStack --package intere.stack |
| Worker-24 | 2015-03-09 17:49:09.971 | org.eclipse.thym.core | /debug | org.eclipse.thym.core.HybridCore | trace | 175 | Creating TracingStreamListeners for "/home/andressmateo/android-sdk-linux/tools/android" create project --target android-21 --path "/opt/eclipse/configuration/org.eclipse.osgi/956/data/proj_gen/IntereStack/android" --name "IntereStack" --activity IntereStack --package intere.stack |
| Output Stream Monitor | 2015-03-09 17:49:10.629 | org.eclipse.thym.core | /debug | org.eclipse.thym.core.HybridCore | trace | 175 | Created directory /opt/eclipse/configuration/org.eclipse.osgi/956/data/proj_gen/IntereStack/android/src/intere/stack
 |
| Output Stream Monitor | 2015-03-09 17:49:10.632 | org.eclipse.thym.core | /debug | org.eclipse.thym.core.HybridCore | trace | 175 | Added file  |
| Output Stream Monitor | 2015-03-09 17:49:10.633 | org.eclipse.thym.core | /debug | org.eclipse.thym.core.HybridCore | trace | 175 | /opt/eclipse/configuration/org.eclipse.osgi/956/data/proj_gen/IntereStack/android/src/intere/stack/IntereStack.java
 |
| Output Stream Monitor | 2015-03-09 17:49:10.633 | org.eclipse.thym.core | /debug | org.eclipse.thym.core.HybridCore | trace | 175 | Created directory /opt/eclipse/configuration/org.eclipse.osgi/956/data/proj_gen/IntereStack/android/res
 |
| Output Stream Monitor | 2015-03-09 17:49:10.633 | org.eclipse.thym.core | /debug | org.eclipse.thym.core.HybridCore | trace | 175 | Created directory  |
| Output Stream Monitor | 2015-03-09 17:49:10.634 | org.eclipse.thym.core | /debug | org.eclipse.thym.core.HybridCore | trace | 175 | /opt/eclipse/configuration/org.eclipse.osgi/956/data/proj_gen/IntereStack/android/bin
 |
| Output Stream Monitor | 2015-03-09 17:49:10.634 | org.eclipse.thym.core | /debug | org.eclipse.thym.core.HybridCore | trace | 175 | Created directory /opt/eclipse/configuration/org.eclipse.osgi/956/data/proj_gen/IntereStack/android/libs
 |
| Output Stream Monitor | 2015-03-09 17:49:10.634 | org.eclipse.thym.core | /debug | org.eclipse.thym.core.HybridCore | trace | 175 | Created directory  |
| Output Stream Monitor | 2015-03-09 17:49:10.635 | org.eclipse.thym.core | /debug | org.eclipse.thym.core.HybridCore | trace | 175 | /opt/eclipse/configuration/org.eclipse.osgi/956/data/proj_gen/IntereStack/android/res/values
 |
| Output Stream Monitor | 2015-03-09 17:49:10.636 | org.eclipse.thym.core | /debug | org.eclipse.thym.core.HybridCore | trace | 175 | Added |
| Output Stream Monitor | 2015-03-09 17:49:10.636 | org.eclipse.thym.core | /debug | org.eclipse.thym.core.HybridCore | trace | 175 |  file /opt/eclipse/configuration/org.eclipse.osgi/956/data/proj_gen/IntereStack/android/res/values/strings.xml
 |
| Output Stream Monitor | 2015-03-09 17:49:10.636 | org.eclipse.thym.core | /debug | org.eclipse.thym.core.HybridCore | trace | 175 | Created directory  |
| Output Stream Monitor | 2015-03-09 17:49:10.637 | org.eclipse.thym.core | /debug | org.eclipse.thym.core.HybridCore | trace | 175 | /opt/eclipse/configuration/org.eclipse.osgi/956/data/proj_gen/IntereStack/android/res/layout
 |
| Output Stream Monitor | 2015-03-09 17:49:10.640 | org.eclipse.thym.core | /debug | org.eclipse.thym.core.HybridCore | trace | 175 | Added |
| Output Stream Monitor | 2015-03-09 17:49:10.640 | org.eclipse.thym.core | /debug | org.eclipse.thym.core.HybridCore | trace | 175 |  file /opt/eclipse/configuration/org.eclipse.osgi/956/data/proj_gen/IntereStack/android/res/layout/main.xml
 |
| Output Stream Monitor | 2015-03-09 17:49:10.640 | org.eclipse.thym.core | /debug | org.eclipse.thym.core.HybridCore | trace | 175 | Created directory  |
| Output Stream Monitor | 2015-03-09 17:49:10.641 | org.eclipse.thym.core | /debug | org.eclipse.thym.core.HybridCore | trace | 175 | /opt/eclipse/configuration/org.eclipse.osgi/956/data/proj_gen/IntereStack/android/res/drawable-xhdpi
 |
| Output Stream Monitor | 2015-03-09 17:49:10.641 | org.eclipse.thym.core | /debug | org.eclipse.thym.core.HybridCore | trace | 175 | Created directory  |
| Output Stream Monitor | 2015-03-09 17:49:10.641 | org.eclipse.thym.core | /debug | org.eclipse.thym.core.HybridCore | trace | 175 | /opt/eclipse/configuration/org.eclipse.osgi/956/data/proj_gen/IntereStack/android/res/drawable-hdpi
 |
| Output Stream Monitor | 2015-03-09 17:49:10.642 | org.eclipse.thym.core | /debug | org.eclipse.thym.core.HybridCore | trace | 175 | Created directory  |
| Output Stream Monitor | 2015-03-09 17:49:10.642 | org.eclipse.thym.core | /debug | org.eclipse.thym.core.HybridCore | trace | 175 | /opt/eclipse/configuration/org.eclipse.osgi/956/data/proj_gen/IntereStack/android/res/drawable-mdpi
 |
| Output Stream Monitor | 2015-03-09 17:49:10.642 | org.eclipse.thym.core | /debug | org.eclipse.thym.core.HybridCore | trace | 175 | Created directory  |
| Output Stream Monitor | 2015-03-09 17:49:10.643 | org.eclipse.thym.core | /debug | org.eclipse.thym.core.HybridCore | trace | 175 | /opt/eclipse/configuration/org.eclipse.osgi/956/data/proj_gen/IntereStack/android/res/drawable-ldpi
 |
| Output Stream Monitor | 2015-03-09 17:49:10.647 | org.eclipse.thym.core | /debug | org.eclipse.thym.core.HybridCore | trace | 175 | Added file  |
| Output Stream Monitor | 2015-03-09 17:49:10.647 | org.eclipse.thym.core | /debug | org.eclipse.thym.core.HybridCore | trace | 175 | /opt/eclipse/configuration/org.eclipse.osgi/956/data/proj_gen/IntereStack/android/AndroidManifest.xml
 |
| Output Stream Monitor | 2015-03-09 17:49:10.668 | org.eclipse.thym.core | /debug | org.eclipse.thym.core.HybridCore | trace | 175 | Added file  |
| Output Stream Monitor | 2015-03-09 17:49:10.669 | org.eclipse.thym.core | /debug | org.eclipse.thym.core.HybridCore | trace | 175 | /opt/eclipse/configuration/org.eclipse.osgi/956/data/proj_gen/IntereStack/android/build.xml
 |
| Output Stream Monitor | 2015-03-09 17:49:10.669 | org.eclipse.thym.core | /debug | org.eclipse.thym.core.HybridCore | trace | 175 | Added |
| Output Stream Monitor | 2015-03-09 17:49:10.670 | org.eclipse.thym.core | /debug | org.eclipse.thym.core.HybridCore | trace | 175 |  file /opt/eclipse/configuration/org.eclipse.osgi/956/data/proj_gen/IntereStack/android/proguard-project.txt
 |
| Worker-24 | 2015-03-09 17:49:10.733 | org.eclipse.thym.core | /debug | org.eclipse.thym.core.HybridCore | trace | 175 | Completed WidgetModel.getWidgetForRead it 0ms |
| Worker-24 | 2015-03-09 17:49:10.754 | org.eclipse.thym.core | /debug | org.eclipse.thym.core.HybridCore | trace | 175 | Really updating the installed plugin list |
| Worker-24 | 2015-03-09 17:49:10.761 | org.eclipse.thym.core | /debug | org.eclipse.thym.core.HybridCore | trace | 175 | Updated plugin list in 7 ms |
| Worker-24 | 2015-03-09 17:49:10.765 | org.eclipse.thym.core | /debug | org.eclipse.thym.core.HybridCore | trace | 175 | Updated plugin list in 0 ms |
| Worker-24 | 2015-03-09 17:49:10.783 | org.eclipse.thym.core | /debug | org.eclipse.thym.core.HybridCore | trace | 175 | android project generated in 1548 ms. |
| Worker-24 | 2015-03-09 17:49:53.904 | org.eclipse.thym.core | /debug | org.eclipse.thym.core.HybridCore | trace | 175 | Completed WidgetModel.getWidgetForRead it 0ms |
| Worker-24 | 2015-03-09 17:49:53.907 | org.eclipse.thym.core | /debug | org.eclipse.thym.core.HybridCore | trace | 175 | Completed WidgetModel.getWidgetForRead it 0ms |
| Worker-24 | 2015-03-09 17:49:53.907 | org.eclipse.thym.core | /debug | org.eclipse.thym.core.HybridCore | trace | 175 | Completed WidgetModel.getWidgetForRead it 0ms |
| Worker-24 | 2015-03-09 17:49:53.907 | org.eclipse.thym.core | /debug | org.eclipse.thym.core.HybridCore | trace | 175 | Sync Execute command line: "/home/andressmateo/android-sdk-linux/platform-tools/adb" -s SSORCAGAYTGUHEDA install -r "/opt/eclipse/configuration/org.eclipse.osgi/956/data/proj_gen/IntereStack/android/bin/IntereStack-debug.apk" |
| Worker-24 | 2015-03-09 17:49:53.909 | org.eclipse.thym.core | /debug | org.eclipse.thym.core.HybridCore | trace | 175 | Creating TracingStreamListeners for "/home/andressmateo/android-sdk-linux/platform-tools/adb" -s SSORCAGAYTGUHEDA install -r "/opt/eclipse/configuration/org.eclipse.osgi/956/data/proj_gen/IntereStack/android/bin/IntereStack-debug.apk" |
| Output Stream Monitor | 2015-03-09 17:49:55.026 | org.eclipse.thym.core | /debug | org.eclipse.thym.core.HybridCore | trace | 175 | 8302 KB/s (8781501 bytes in 1.032s)
 |
| Output Stream Monitor | 2015-03-09 17:49:55.027 | org.eclipse.thym.core | /debug | org.eclipse.thym.core.HybridCore | trace | 175 | 8302 KB/s (8781501 bytes in 1.032s)
 |
| Output Stream Monitor | 2015-03-09 17:49:56.068 | org.eclipse.thym.core | /debug | org.eclipse.thym.core.HybridCore | trace | 175 | 	pkg: /data/local/tmp/IntereStack-debug.apk |
| Output Stream Monitor | 2015-03-09 17:49:56.070 | org.eclipse.thym.core | /debug | org.eclipse.thym.core.HybridCore | trace | 175 | 
 |
| Output Stream Monitor | 2015-03-09 17:50:10.742 | org.eclipse.thym.core | /debug | org.eclipse.thym.core.HybridCore | trace | 175 | Success
 |
| Worker-24 | 2015-03-09 17:50:12.266 | org.eclipse.thym.core | /debug | org.eclipse.thym.core.HybridCore | trace | 175 | Sync Execute command line: "/home/andressmateo/android-sdk-linux/platform-tools/adb" -s SSORCAGAYTGUHEDA shell am start -n intere.stack/.IntereStack |
| Worker-24 | 2015-03-09 17:50:12.270 | org.eclipse.thym.core | /debug | org.eclipse.thym.core.HybridCore | trace | 175 | Creating TracingStreamListeners for "/home/andressmateo/android-sdk-linux/platform-tools/adb" -s SSORCAGAYTGUHEDA shell am start -n intere.stack/.IntereStack |
| Output Stream Monitor | 2015-03-09 17:50:13.834 | org.eclipse.thym.core | /debug | org.eclipse.thym.core.HybridCore | trace | 175 | Starting: Intent { cmp=intere.stack/.IntereStack }
 |
| Worker-24 | 2015-03-09 17:50:14.126 | org.eclipse.thym.core | /debug | org.eclipse.thym.core.HybridCore | trace | 175 | Async Execute command line: "/home/andressmateo/android-sdk-linux/platform-tools/adb" -s SSORCAGAYTGUHEDA logcat Cordova:V DroidGap:V CordovaLog:V CordovaPlugin:V CordovaChromeClient:V CordovaWebView:V *:S |
| Output Stream Monitor | 2015-03-09 17:50:14.211 | org.eclipse.thym.core | /debug | org.eclipse.thym.core.HybridCore | trace | 175 | --------- beginning of /dev/log/system
 |
| Output Stream Monitor | 2015-03-09 17:50:14.532 | org.eclipse.thym.core | /debug | org.eclipse.thym.core.HybridCore | trace | 175 | --------- beginning of /dev/log/main
 |
| Output Stream Monitor | 2015-03-09 17:50:14.637 | org.eclipse.thym.core | /debug | org.eclipse.thym.core.HybridCore | trace | 175 | D/CordovaWebView(16850): CordovaWebView is running on device made by: TCT
 |
| Output Stream Monitor | 2015-03-09 17:50:14.637 | org.eclipse.thym.core | /debug | org.eclipse.thym.core.HybridCore | trace | 175 | D/CordovaWebView(16850): CordovaWebView is running on device made by: TCT
 |
| Worker-16 | 2015-03-09 17:54:01.508 | org.eclipse.thym.core | /debug | org.eclipse.thym.core.HybridCore | trace | 175 | Really updating the installed plugin list |
| Worker-16 | 2015-03-09 17:54:01.519 | org.eclipse.thym.core | /debug | org.eclipse.thym.core.HybridCore | trace | 175 | Updated plugin list in 11 ms |
| main | 2015-03-09 17:56:29.625 | org.eclipse.thym.core | /debug | org.eclipse.thym.core.HybridCore | trace | 175 | Sync Execute command line: "/home/andressmateo/android-sdk-linux/tools/android" list target |
| main | 2015-03-09 17:56:29.630 | org.eclipse.thym.core | /debug | org.eclipse.thym.core.HybridCore | trace | 175 | Creating TracingStreamListeners for "/home/andressmateo/android-sdk-linux/tools/android" list target |
| Output Stream Monitor | 2015-03-09 17:56:30.107 | org.eclipse.thym.core | /debug | org.eclipse.thym.core.HybridCore | trace | 175 | Available Android targets:
 |
| Output Stream Monitor | 2015-03-09 17:56:30.244 | org.eclipse.thym.core | /debug | org.eclipse.thym.core.HybridCore | trace | 175 | ----------
 |
| Output Stream Monitor | 2015-03-09 17:56:30.244 | org.eclipse.thym.core | /debug | org.eclipse.thym.core.HybridCore | trace | 175 | id:  |
| Output Stream Monitor | 2015-03-09 17:56:30.245 | org.eclipse.thym.core | /debug | org.eclipse.thym.core.HybridCore | trace | 175 | 1 or "android-21"
     Name:  |
| Output Stream Monitor | 2015-03-09 17:56:30.245 | org.eclipse.thym.core | /debug | org.eclipse.thym.core.HybridCore | trace | 175 | Android 5.0.1
     Type: Platform
 |
| Output Stream Monitor | 2015-03-09 17:56:30.245 | org.eclipse.thym.core | /debug | org.eclipse.thym.core.HybridCore | trace | 175 |      API level: 21
 |
| Output Stream Monitor | 2015-03-09 17:56:30.245 | org.eclipse.thym.core | /debug | org.eclipse.thym.core.HybridCore | trace | 175 |      Revision: 2
     Skins:  |
| Output Stream Monitor | 2015-03-09 17:56:30.246 | org.eclipse.thym.core | /debug | org.eclipse.thym.core.HybridCore | trace | 175 | HVGA, QVGA |
| Output Stream Monitor | 2015-03-09 17:56:30.246 | org.eclipse.thym.core | /debug | org.eclipse.thym.core.HybridCore | trace | 175 | , WQVGA400, WQVGA432,  |
| Output Stream Monitor | 2015-03-09 17:56:30.246 | org.eclipse.thym.core | /debug | org.eclipse.thym.core.HybridCore | trace | 175 | WSVGA, WVGA800 |
| Output Stream Monitor | 2015-03-09 17:56:30.247 | org.eclipse.thym.core | /debug | org.eclipse.thym.core.HybridCore | trace | 175 |  (default), WVGA854,  |
| Output Stream Monitor | 2015-03-09 17:56:30.247 | org.eclipse.thym.core | /debug | org.eclipse.thym.core.HybridCore | trace | 175 | WXGA720, WXGA800,  |
| Output Stream Monitor | 2015-03-09 17:56:30.247 | org.eclipse.thym.core | /debug | org.eclipse.thym.core.HybridCore | trace | 175 | WXGA800-7in
 Tag/ABIs :  |
| Output Stream Monitor | 2015-03-09 17:56:30.248 | org.eclipse.thym.core | /debug | org.eclipse.thym.core.HybridCore | trace | 175 | default/ |
| Output Stream Monitor | 2015-03-09 17:56:30.248 | org.eclipse.thym.core | /debug | org.eclipse.thym.core.HybridCore | trace | 175 | armeabi-v7a
----------
 |
| Output Stream Monitor | 2015-03-09 17:56:30.248 | org.eclipse.thym.core | /debug | org.eclipse.thym.core.HybridCore | trace | 175 | id:  |
| Output Stream Monitor | 2015-03-09 17:56:30.249 | org.eclipse.thym.core | /debug | org.eclipse.thym.core.HybridCore | trace | 175 | 2 or "Google Inc.:Google APIs:21"
 |
| Output Stream Monitor | 2015-03-09 17:56:30.249 | org.eclipse.thym.core | /debug | org.eclipse.thym.core.HybridCore | trace | 175 |      Name: Google APIs
     Type: Add-On
 |
| Output Stream Monitor | 2015-03-09 17:56:30.249 | org.eclipse.thym.core | /debug | org.eclipse.thym.core.HybridCore | trace | 175 |      Vendor: Google Inc.
 |
| Output Stream Monitor | 2015-03-09 17:56:30.249 | org.eclipse.thym.core | /debug | org.eclipse.thym.core.HybridCore | trace | 175 |      Revision: 1
     Description:  |
| Output Stream Monitor | 2015-03-09 17:56:30.250 | org.eclipse.thym.core | /debug | org.eclipse.thym.core.HybridCore | trace | 175 | Android + Google APIs
 |
| Output Stream Monitor | 2015-03-09 17:56:30.250 | org.eclipse.thym.core | /debug | org.eclipse.thym.core.HybridCore | trace | 175 |      Based on Android 5.0.1 (API level 21)
     Libraries:
 |
| Output Stream Monitor | 2015-03-09 17:56:30.250 | org.eclipse.thym.core | /debug | org.eclipse.thym.core.HybridCore | trace | 175 |       *  |
| Output Stream Monitor | 2015-03-09 17:56:30.250 | org.eclipse.thym.core | /debug | org.eclipse.thym.core.HybridCore | trace | 175 | com.google.android.media.effects (effects.jar)
 |
| Output Stream Monitor | 2015-03-09 17:56:30.251 | org.eclipse.thym.core | /debug | org.eclipse.thym.core.HybridCore | trace | 175 |           Collection of video effects
 |
| Output Stream Monitor | 2015-03-09 17:56:30.251 | org.eclipse.thym.core | /debug | org.eclipse.thym.core.HybridCore | trace | 175 |       * com.android.future.usb.accessory (usb.jar)
 |
| Output Stream Monitor | 2015-03-09 17:56:30.251 | org.eclipse.thym.core | /debug | org.eclipse.thym.core.HybridCore | trace | 175 |           API for USB Accessories
 |
| Output Stream Monitor | 2015-03-09 17:56:30.252 | org.eclipse.thym.core | /debug | org.eclipse.thym.core.HybridCore | trace | 175 |       * com.google.android.maps (maps.jar |
| Output Stream Monitor | 2015-03-09 17:56:30.252 | org.eclipse.thym.core | /debug | org.eclipse.thym.core.HybridCore | trace | 175 | )
           |
| Output Stream Monitor | 2015-03-09 17:56:30.252 | org.eclipse.thym.core | /debug | org.eclipse.thym.core.HybridCore | trace | 175 | API for Google Maps
     Skins: HVGA |
| Output Stream Monitor | 2015-03-09 17:56:30.252 | org.eclipse.thym.core | /debug | org.eclipse.thym.core.HybridCore | trace | 175 | , QVGA,  |
| Output Stream Monitor | 2015-03-09 17:56:30.253 | org.eclipse.thym.core | /debug | org.eclipse.thym.core.HybridCore | trace | 175 | WQVGA400, WQVGA432,  |
| Output Stream Monitor | 2015-03-09 17:56:30.253 | org.eclipse.thym.core | /debug | org.eclipse.thym.core.HybridCore | trace | 175 | WSVGA, WVGA800 |
| Output Stream Monitor | 2015-03-09 17:56:30.253 | org.eclipse.thym.core | /debug | org.eclipse.thym.core.HybridCore | trace | 175 |  (default), WVGA854 |
| Output Stream Monitor | 2015-03-09 17:56:30.253 | org.eclipse.thym.core | /debug | org.eclipse.thym.core.HybridCore | trace | 175 | , WXGA720, WXGA800 |
| Output Stream Monitor | 2015-03-09 17:56:30.254 | org.eclipse.thym.core | /debug | org.eclipse.thym.core.HybridCore | trace | 175 | , WXGA800-7in
 |
| Output Stream Monitor | 2015-03-09 17:56:30.254 | org.eclipse.thym.core | /debug | org.eclipse.thym.core.HybridCore | trace | 175 |  Tag/ABIs : no ABIs.
 |
| Worker-26 | 2015-03-09 17:56:30.292 | org.eclipse.thym.core | /debug | org.eclipse.thym.core.HybridCore | trace | 175 | Sync Execute command line: "/home/andressmateo/android-sdk-linux/platform-tools/adb" start-server |
| Worker-26 | 2015-03-09 17:56:30.293 | org.eclipse.thym.core | /debug | org.eclipse.thym.core.HybridCore | trace | 175 | Creating TracingStreamListeners for "/home/andressmateo/android-sdk-linux/platform-tools/adb" start-server |
| Worker-26 | 2015-03-09 17:56:30.344 | org.eclipse.thym.core | /debug | org.eclipse.thym.core.HybridCore | trace | 175 | Sync Execute command line: "/home/andressmateo/android-sdk-linux/platform-tools/adb" devices |
| Worker-26 | 2015-03-09 17:56:30.349 | org.eclipse.thym.core | /debug | org.eclipse.thym.core.HybridCore | trace | 175 | Creating TracingStreamListeners for "/home/andressmateo/android-sdk-linux/platform-tools/adb" devices |
| Output Stream Monitor | 2015-03-09 17:56:30.351 | org.eclipse.thym.core | /debug | org.eclipse.thym.core.HybridCore | trace | 175 | List of devices attached 
SSORCAGAYTGUHEDA	device

 |
| Worker-26 | 2015-03-09 17:56:30.403 | org.eclipse.thym.core | /debug | org.eclipse.thym.core.HybridCore | trace | 175 | Completed WidgetModel.getWidgetForRead it 0ms |
| Worker-26 | 2015-03-09 17:56:30.403 | org.eclipse.thym.core | /debug | org.eclipse.thym.core.HybridCore | trace | 175 | Completed WidgetModel.getWidgetForRead it 0ms |
| Worker-26 | 2015-03-09 17:56:30.404 | org.eclipse.thym.core | /debug | org.eclipse.thym.core.HybridCore | trace | 175 | Sync Execute command line: "/home/andressmateo/android-sdk-linux/tools/android" list target |
| Worker-26 | 2015-03-09 17:56:30.407 | org.eclipse.thym.core | /debug | org.eclipse.thym.core.HybridCore | trace | 175 | Creating TracingStreamListeners for "/home/andressmateo/android-sdk-linux/tools/android" list target |
| Output Stream Monitor | 2015-03-09 17:56:30.869 | org.eclipse.thym.core | /debug | org.eclipse.thym.core.HybridCore | trace | 175 | Available Android targets:
 |
| Output Stream Monitor | 2015-03-09 17:56:31.025 | org.eclipse.thym.core | /debug | org.eclipse.thym.core.HybridCore | trace | 175 | ----------
 |
| Output Stream Monitor | 2015-03-09 17:56:31.026 | org.eclipse.thym.core | /debug | org.eclipse.thym.core.HybridCore | trace | 175 | id:  |
| Output Stream Monitor | 2015-03-09 17:56:31.026 | org.eclipse.thym.core | /debug | org.eclipse.thym.core.HybridCore | trace | 175 | 1 |
| Output Stream Monitor | 2015-03-09 17:56:31.026 | org.eclipse.thym.core | /debug | org.eclipse.thym.core.HybridCore | trace | 175 |  or " |
| Output Stream Monitor | 2015-03-09 17:56:31.027 | org.eclipse.thym.core | /debug | org.eclipse.thym.core.HybridCore | trace | 175 | android-21 |
| Output Stream Monitor | 2015-03-09 17:56:31.027 | org.eclipse.thym.core | /debug | org.eclipse.thym.core.HybridCore | trace | 175 | "
 |
| Output Stream Monitor | 2015-03-09 17:56:31.028 | org.eclipse.thym.core | /debug | org.eclipse.thym.core.HybridCore | trace | 175 |      Name:  |
| Output Stream Monitor | 2015-03-09 17:56:31.028 | org.eclipse.thym.core | /debug | org.eclipse.thym.core.HybridCore | trace | 175 | Android 5.0.1 |
| Output Stream Monitor | 2015-03-09 17:56:31.028 | org.eclipse.thym.core | /debug | org.eclipse.thym.core.HybridCore | trace | 175 | 
 |
| Output Stream Monitor | 2015-03-09 17:56:31.029 | org.eclipse.thym.core | /debug | org.eclipse.thym.core.HybridCore | trace | 175 |      Type: Platform
 |
| Output Stream Monitor | 2015-03-09 17:56:31.029 | org.eclipse.thym.core | /debug | org.eclipse.thym.core.HybridCore | trace | 175 |      API level:  |
| Output Stream Monitor | 2015-03-09 17:56:31.029 | org.eclipse.thym.core | /debug | org.eclipse.thym.core.HybridCore | trace | 175 | 21 |
| Output Stream Monitor | 2015-03-09 17:56:31.030 | org.eclipse.thym.core | /debug | org.eclipse.thym.core.HybridCore | trace | 175 | 
 |
| Output Stream Monitor | 2015-03-09 17:56:31.030 | org.eclipse.thym.core | /debug | org.eclipse.thym.core.HybridCore | trace | 175 |      Revision:  |
| Output Stream Monitor | 2015-03-09 17:56:31.031 | org.eclipse.thym.core | /debug | org.eclipse.thym.core.HybridCore | trace | 175 | 2 |
| Output Stream Monitor | 2015-03-09 17:56:31.031 | org.eclipse.thym.core | /debug | org.eclipse.thym.core.HybridCore | trace | 175 | 
 |
| Output Stream Monitor | 2015-03-09 17:56:31.031 | org.eclipse.thym.core | /debug | org.eclipse.thym.core.HybridCore | trace | 175 |      Skins:  |
| Output Stream Monitor | 2015-03-09 17:56:31.032 | org.eclipse.thym.core | /debug | org.eclipse.thym.core.HybridCore | trace | 175 | HVGA |
| Output Stream Monitor | 2015-03-09 17:56:31.032 | org.eclipse.thym.core | /debug | org.eclipse.thym.core.HybridCore | trace | 175 | ,  |
| Output Stream Monitor | 2015-03-09 17:56:31.033 | org.eclipse.thym.core | /debug | org.eclipse.thym.core.HybridCore | trace | 175 | QVGA,  |
| Output Stream Monitor | 2015-03-09 17:56:31.033 | org.eclipse.thym.core | /debug | org.eclipse.thym.core.HybridCore | trace | 175 | WQVGA400, WQVGA432, WSVGA,  |
| Output Stream Monitor | 2015-03-09 17:56:31.033 | org.eclipse.thym.core | /debug | org.eclipse.thym.core.HybridCore | trace | 175 | WVGA800 (default), WVGA854 |
| Output Stream Monitor | 2015-03-09 17:56:31.033 | org.eclipse.thym.core | /debug | org.eclipse.thym.core.HybridCore | trace | 175 | , WXGA720, WXGA800,  |
| Output Stream Monitor | 2015-03-09 17:56:31.033 | org.eclipse.thym.core | /debug | org.eclipse.thym.core.HybridCore | trace | 175 | WXGA800-7in
 Tag/ABIs :  |
| Output Stream Monitor | 2015-03-09 17:56:31.034 | org.eclipse.thym.core | /debug | org.eclipse.thym.core.HybridCore | trace | 175 | default/armeabi-v7a |
| Output Stream Monitor | 2015-03-09 17:56:31.034 | org.eclipse.thym.core | /debug | org.eclipse.thym.core.HybridCore | trace | 175 | 
----------
 |
| Output Stream Monitor | 2015-03-09 17:56:31.034 | org.eclipse.thym.core | /debug | org.eclipse.thym.core.HybridCore | trace | 175 | id: 2 |
| Output Stream Monitor | 2015-03-09 17:56:31.034 | org.eclipse.thym.core | /debug | org.eclipse.thym.core.HybridCore | trace | 175 |  or "Google Inc.:Google APIs:21"
     Name: Google APIs
     Type: Add-On
 |
| Output Stream Monitor | 2015-03-09 17:56:31.034 | org.eclipse.thym.core | /debug | org.eclipse.thym.core.HybridCore | trace | 175 |      Vendor: Google Inc.
 |
| Output Stream Monitor | 2015-03-09 17:56:31.035 | org.eclipse.thym.core | /debug | org.eclipse.thym.core.HybridCore | trace | 175 |      Revision: 1
     Description: Android + Google APIs
 |
| Output Stream Monitor | 2015-03-09 17:56:31.035 | org.eclipse.thym.core | /debug | org.eclipse.thym.core.HybridCore | trace | 175 |      Based on Android 5.0.1 (API level  |
| Output Stream Monitor | 2015-03-09 17:56:31.035 | org.eclipse.thym.core | /debug | org.eclipse.thym.core.HybridCore | trace | 175 | 21)
     Libraries:
 |
| Output Stream Monitor | 2015-03-09 17:56:31.035 | org.eclipse.thym.core | /debug | org.eclipse.thym.core.HybridCore | trace | 175 |       * com.google.android.media.effects (effects.jar)
 |
| Output Stream Monitor | 2015-03-09 17:56:31.035 | org.eclipse.thym.core | /debug | org.eclipse.thym.core.HybridCore | trace | 175 |           Collection of video effects
 |
| Output Stream Monitor | 2015-03-09 17:56:31.036 | org.eclipse.thym.core | /debug | org.eclipse.thym.core.HybridCore | trace | 175 |       * com.android.future.usb.accessory (usb.jar)
 |
| Output Stream Monitor | 2015-03-09 17:56:31.036 | org.eclipse.thym.core | /debug | org.eclipse.thym.core.HybridCore | trace | 175 |           API for USB Accessories
 |
| Output Stream Monitor | 2015-03-09 17:56:31.036 | org.eclipse.thym.core | /debug | org.eclipse.thym.core.HybridCore | trace | 175 |       * com.google.android.maps (maps.jar)
 |
| Output Stream Monitor | 2015-03-09 17:56:31.036 | org.eclipse.thym.core | /debug | org.eclipse.thym.core.HybridCore | trace | 175 |           API for Google Maps
     Skins:  |
| Output Stream Monitor | 2015-03-09 17:56:31.036 | org.eclipse.thym.core | /debug | org.eclipse.thym.core.HybridCore | trace | 175 | HVGA, QVGA,  |
| Output Stream Monitor | 2015-03-09 17:56:31.036 | org.eclipse.thym.core | /debug | org.eclipse.thym.core.HybridCore | trace | 175 | WQVGA400, WQVGA432,  |
| Output Stream Monitor | 2015-03-09 17:56:31.037 | org.eclipse.thym.core | /debug | org.eclipse.thym.core.HybridCore | trace | 175 | WSVGA, WVGA800 (default) |
| Output Stream Monitor | 2015-03-09 17:56:31.037 | org.eclipse.thym.core | /debug | org.eclipse.thym.core.HybridCore | trace | 175 | , WVGA854, WXGA720 |
| Output Stream Monitor | 2015-03-09 17:56:31.037 | org.eclipse.thym.core | /debug | org.eclipse.thym.core.HybridCore | trace | 175 | , WXGA800, WXGA800-7in |
| Output Stream Monitor | 2015-03-09 17:56:31.037 | org.eclipse.thym.core | /debug | org.eclipse.thym.core.HybridCore | trace | 175 | 
 Tag/ABIs : no ABIs.
 |
| Worker-26 | 2015-03-09 17:56:31.088 | org.eclipse.thym.core | /debug | org.eclipse.thym.core.HybridCore | trace | 175 | Sync Execute command line: "/home/andressmateo/android-sdk-linux/tools/android" create project --target android-21 --path "/opt/eclipse/configuration/org.eclipse.osgi/956/data/proj_gen/IntereStack/android" --name "IntereStack" --activity IntereStack --package intere.stack |
| Worker-26 | 2015-03-09 17:56:31.090 | org.eclipse.thym.core | /debug | org.eclipse.thym.core.HybridCore | trace | 175 | Creating TracingStreamListeners for "/home/andressmateo/android-sdk-linux/tools/android" create project --target android-21 --path "/opt/eclipse/configuration/org.eclipse.osgi/956/data/proj_gen/IntereStack/android" --name "IntereStack" --activity IntereStack --package intere.stack |
| Output Stream Monitor | 2015-03-09 17:56:31.717 | org.eclipse.thym.core | /debug | org.eclipse.thym.core.HybridCore | trace | 175 | Created directory  |
| Output Stream Monitor | 2015-03-09 17:56:31.718 | org.eclipse.thym.core | /debug | org.eclipse.thym.core.HybridCore | trace | 175 | /opt/eclipse/configuration/org.eclipse.osgi/956/data/proj_gen/IntereStack/android/src/intere/stack
 |
| Output Stream Monitor | 2015-03-09 17:56:31.721 | org.eclipse.thym.core | /debug | org.eclipse.thym.core.HybridCore | trace | 175 | Added file  |
| Output Stream Monitor | 2015-03-09 17:56:31.721 | org.eclipse.thym.core | /debug | org.eclipse.thym.core.HybridCore | trace | 175 | /opt/eclipse/configuration/org.eclipse.osgi/956/data/proj_gen/IntereStack/android/src/intere/stack/IntereStack.java
 |
| Output Stream Monitor | 2015-03-09 17:56:31.722 | org.eclipse.thym.core | /debug | org.eclipse.thym.core.HybridCore | trace | 175 | Created directory /opt/eclipse/configuration/org.eclipse.osgi/956/data/proj_gen/IntereStack/android/res
 |
| Output Stream Monitor | 2015-03-09 17:56:31.722 | org.eclipse.thym.core | /debug | org.eclipse.thym.core.HybridCore | trace | 175 | Created directory  |
| Output Stream Monitor | 2015-03-09 17:56:31.722 | org.eclipse.thym.core | /debug | org.eclipse.thym.core.HybridCore | trace | 175 | /opt/eclipse/configuration/org.eclipse.osgi/956/data/proj_gen/IntereStack/android/bin
 |
| Output Stream Monitor | 2015-03-09 17:56:31.723 | org.eclipse.thym.core | /debug | org.eclipse.thym.core.HybridCore | trace | 175 | Created directory  |
| Output Stream Monitor | 2015-03-09 17:56:31.723 | org.eclipse.thym.core | /debug | org.eclipse.thym.core.HybridCore | trace | 175 | /opt/eclipse/configuration/org.eclipse.osgi/956/data/proj_gen/IntereStack/android/libs
 |
| Output Stream Monitor | 2015-03-09 17:56:31.723 | org.eclipse.thym.core | /debug | org.eclipse.thym.core.HybridCore | trace | 175 | Created directory  |
| Output Stream Monitor | 2015-03-09 17:56:31.723 | org.eclipse.thym.core | /debug | org.eclipse.thym.core.HybridCore | trace | 175 | /opt/eclipse/configuration/org.eclipse.osgi/956/data/proj_gen/IntereStack/android/res/values
 |
| Output Stream Monitor | 2015-03-09 17:56:31.725 | org.eclipse.thym.core | /debug | org.eclipse.thym.core.HybridCore | trace | 175 | Added |
| Output Stream Monitor | 2015-03-09 17:56:31.725 | org.eclipse.thym.core | /debug | org.eclipse.thym.core.HybridCore | trace | 175 |  file /opt/eclipse/configuration/org.eclipse.osgi/956/data/proj_gen/IntereStack/android/res/values/strings.xml
 |
| Output Stream Monitor | 2015-03-09 17:56:31.725 | org.eclipse.thym.core | /debug | org.eclipse.thym.core.HybridCore | trace | 175 | Created directory  |
| Output Stream Monitor | 2015-03-09 17:56:31.726 | org.eclipse.thym.core | /debug | org.eclipse.thym.core.HybridCore | trace | 175 | /opt/eclipse/configuration/org.eclipse.osgi/956/data/proj_gen/IntereStack/android/res/layout
 |
| Output Stream Monitor | 2015-03-09 17:56:31.729 | org.eclipse.thym.core | /debug | org.eclipse.thym.core.HybridCore | trace | 175 | Added file  |
| Output Stream Monitor | 2015-03-09 17:56:31.730 | org.eclipse.thym.core | /debug | org.eclipse.thym.core.HybridCore | trace | 175 | /opt/eclipse/configuration/org.eclipse.osgi/956/data/proj_gen/IntereStack/android/res/layout/main.xml
 |
| Output Stream Monitor | 2015-03-09 17:56:31.730 | org.eclipse.thym.core | /debug | org.eclipse.thym.core.HybridCore | trace | 175 | Created directory  |
| Output Stream Monitor | 2015-03-09 17:56:31.730 | org.eclipse.thym.core | /debug | org.eclipse.thym.core.HybridCore | trace | 175 | /opt/eclipse/configuration/org.eclipse.osgi/956/data/proj_gen/IntereStack/android/res/drawable-xhdpi
 |
| Output Stream Monitor | 2015-03-09 17:56:31.731 | org.eclipse.thym.core | /debug | org.eclipse.thym.core.HybridCore | trace | 175 | Created directory  |
| Output Stream Monitor | 2015-03-09 17:56:31.731 | org.eclipse.thym.core | /debug | org.eclipse.thym.core.HybridCore | trace | 175 | /opt/eclipse/configuration/org.eclipse.osgi/956/data/proj_gen/IntereStack/android/res/drawable-hdpi
 |
| Output Stream Monitor | 2015-03-09 17:56:31.732 | org.eclipse.thym.core | /debug | org.eclipse.thym.core.HybridCore | trace | 175 | Created directory  |
| Output Stream Monitor | 2015-03-09 17:56:31.732 | org.eclipse.thym.core | /debug | org.eclipse.thym.core.HybridCore | trace | 175 | /opt/eclipse/configuration/org.eclipse.osgi/956/data/proj_gen/IntereStack/android/res/drawable-mdpi
 |
| Output Stream Monitor | 2015-03-09 17:56:31.732 | org.eclipse.thym.core | /debug | org.eclipse.thym.core.HybridCore | trace | 175 | Created directory  |
| Output Stream Monitor | 2015-03-09 17:56:31.733 | org.eclipse.thym.core | /debug | org.eclipse.thym.core.HybridCore | trace | 175 | /opt/eclipse/configuration/org.eclipse.osgi/956/data/proj_gen/IntereStack/android/res/drawable-ldpi
 |
| Output Stream Monitor | 2015-03-09 17:56:31.738 | org.eclipse.thym.core | /debug | org.eclipse.thym.core.HybridCore | trace | 175 | Added file  |
| Output Stream Monitor | 2015-03-09 17:56:31.738 | org.eclipse.thym.core | /debug | org.eclipse.thym.core.HybridCore | trace | 175 | /opt/eclipse/configuration/org.eclipse.osgi/956/data/proj_gen/IntereStack/android/AndroidManifest.xml
 |
| Output Stream Monitor | 2015-03-09 17:56:31.764 | org.eclipse.thym.core | /debug | org.eclipse.thym.core.HybridCore | trace | 175 | Added file  |
| Output Stream Monitor | 2015-03-09 17:56:31.764 | org.eclipse.thym.core | /debug | org.eclipse.thym.core.HybridCore | trace | 175 | /opt/eclipse/configuration/org.eclipse.osgi/956/data/proj_gen/IntereStack/android/build.xml
 |
| Output Stream Monitor | 2015-03-09 17:56:31.765 | org.eclipse.thym.core | /debug | org.eclipse.thym.core.HybridCore | trace | 175 | Added |
| Output Stream Monitor | 2015-03-09 17:56:31.765 | org.eclipse.thym.core | /debug | org.eclipse.thym.core.HybridCore | trace | 175 |  file /opt/eclipse/configuration/org.eclipse.osgi/956/data/proj_gen/IntereStack/android/proguard-project.txt
 |
| Worker-26 | 2015-03-09 17:56:31.803 | org.eclipse.thym.core | /debug | org.eclipse.thym.core.HybridCore | trace | 175 | Completed WidgetModel.getWidgetForRead it 0ms |
| Worker-26 | 2015-03-09 17:56:31.824 | org.eclipse.thym.core | /debug | org.eclipse.thym.core.HybridCore | trace | 175 | Really updating the installed plugin list |
| Worker-26 | 2015-03-09 17:56:31.831 | org.eclipse.thym.core | /debug | org.eclipse.thym.core.HybridCore | trace | 175 | Updated plugin list in 7 ms |
| Worker-26 | 2015-03-09 17:56:31.836 | org.eclipse.thym.core | /debug | org.eclipse.thym.core.HybridCore | trace | 175 | Updated plugin list in 0 ms |
| Worker-26 | 2015-03-09 17:56:31.854 | org.eclipse.thym.core | /debug | org.eclipse.thym.core.HybridCore | trace | 175 | android project generated in 1453 ms. |
| Worker-26 | 2015-03-09 17:57:13.660 | org.eclipse.thym.core | /debug | org.eclipse.thym.core.HybridCore | trace | 175 | Completed WidgetModel.getWidgetForRead it 0ms |
| Worker-26 | 2015-03-09 17:57:13.663 | org.eclipse.thym.core | /debug | org.eclipse.thym.core.HybridCore | trace | 175 | Completed WidgetModel.getWidgetForRead it 0ms |
| Worker-26 | 2015-03-09 17:57:13.663 | org.eclipse.thym.core | /debug | org.eclipse.thym.core.HybridCore | trace | 175 | Completed WidgetModel.getWidgetForRead it 0ms |
| Worker-26 | 2015-03-09 17:57:13.663 | org.eclipse.thym.core | /debug | org.eclipse.thym.core.HybridCore | trace | 175 | Sync Execute command line: "/home/andressmateo/android-sdk-linux/platform-tools/adb" -s SSORCAGAYTGUHEDA install -r "/opt/eclipse/configuration/org.eclipse.osgi/956/data/proj_gen/IntereStack/android/bin/IntereStack-debug.apk" |
| Worker-26 | 2015-03-09 17:57:13.666 | org.eclipse.thym.core | /debug | org.eclipse.thym.core.HybridCore | trace | 175 | Creating TracingStreamListeners for "/home/andressmateo/android-sdk-linux/platform-tools/adb" -s SSORCAGAYTGUHEDA install -r "/opt/eclipse/configuration/org.eclipse.osgi/956/data/proj_gen/IntereStack/android/bin/IntereStack-debug.apk" |
| Output Stream Monitor | 2015-03-09 17:57:14.727 | org.eclipse.thym.core | /debug | org.eclipse.thym.core.HybridCore | trace | 175 | 8772 KB/s (8781517 bytes in 0.977s)
 |
| Output Stream Monitor | 2015-03-09 17:57:14.728 | org.eclipse.thym.core | /debug | org.eclipse.thym.core.HybridCore | trace | 175 | 8772 KB/s (8781517 bytes in 0.977s)
 |
| Output Stream Monitor | 2015-03-09 17:57:15.464 | org.eclipse.thym.core | /debug | org.eclipse.thym.core.HybridCore | trace | 175 | 	pkg: /data/local/tmp/IntereStack-debug.apk |
| Output Stream Monitor | 2015-03-09 17:57:15.465 | org.eclipse.thym.core | /debug | org.eclipse.thym.core.HybridCore | trace | 175 | 
 |
| Output Stream Monitor | 2015-03-09 17:57:21.324 | org.eclipse.thym.core | /debug | org.eclipse.thym.core.HybridCore | trace | 175 | Success
 |
| Worker-26 | 2015-03-09 17:57:22.643 | org.eclipse.thym.core | /debug | org.eclipse.thym.core.HybridCore | trace | 175 | Sync Execute command line: "/home/andressmateo/android-sdk-linux/platform-tools/adb" -s SSORCAGAYTGUHEDA shell am start -n intere.stack/.IntereStack |
| Worker-26 | 2015-03-09 17:57:22.647 | org.eclipse.thym.core | /debug | org.eclipse.thym.core.HybridCore | trace | 175 | Creating TracingStreamListeners for "/home/andressmateo/android-sdk-linux/platform-tools/adb" -s SSORCAGAYTGUHEDA shell am start -n intere.stack/.IntereStack |
| Output Stream Monitor | 2015-03-09 17:57:23.935 | org.eclipse.thym.core | /debug | org.eclipse.thym.core.HybridCore | trace | 175 | Starting: Intent { cmp=intere.stack/.IntereStack }
 |
| Worker-26 | 2015-03-09 17:57:24.203 | org.eclipse.thym.core | /debug | org.eclipse.thym.core.HybridCore | trace | 175 | Async Execute command line: "/home/andressmateo/android-sdk-linux/platform-tools/adb" -s SSORCAGAYTGUHEDA logcat Cordova:V DroidGap:V CordovaLog:V CordovaPlugin:V CordovaChromeClient:V CordovaWebView:V *:S |
| Output Stream Monitor | 2015-03-09 17:57:24.288 | org.eclipse.thym.core | /debug | org.eclipse.thym.core.HybridCore | trace | 175 | --------- beginning of /dev/log/system
 |
| Output Stream Monitor | 2015-03-09 17:57:24.419 | org.eclipse.thym.core | /debug | org.eclipse.thym.core.HybridCore | trace | 175 | D/CordovaWebView(18654): CordovaWebView is running on device made by: TCT
 |
| Output Stream Monitor | 2015-03-09 17:57:24.419 | org.eclipse.thym.core | /debug | org.eclipse.thym.core.HybridCore | trace | 175 | D/CordovaWebView(18654): CordovaWebView is running on device made by: TCT
 |
| Output Stream Monitor | 2015-03-09 17:57:24.463 | org.eclipse.thym.core | /debug | org.eclipse.thym.core.HybridCore | trace | 175 | --------- beginning of /dev/log/main
 |
| Output Stream Monitor | 2015-03-09 17:57:24.513 | org.eclipse.thym.core | /debug | org.eclipse.thym.core.HybridCore | trace | 175 | D/CordovaWebView(18654): CordovaWebView is running on device made by: TCT
 |
| Worker-24 | 2015-03-09 17:59:42.854 | org.eclipse.thym.core | /debug | org.eclipse.thym.core.HybridCore | trace | 175 | Really updating the installed plugin list |
| Worker-24 | 2015-03-09 17:59:42.862 | org.eclipse.thym.core | /debug | org.eclipse.thym.core.HybridCore | trace | 175 | Updated plugin list in 8 ms |
| main | 2015-03-09 18:20:23.245 | org.eclipse.thym.core | /debug | org.eclipse.thym.core.HybridCore | trace | 175 | Really updating the installed plugin list |
| main | 2015-03-09 18:20:23.256 | org.eclipse.thym.core | /debug | org.eclipse.thym.core.HybridCore | trace | 175 | Updated plugin list in 11 ms |
| main | 2015-03-09 18:20:23.257 | org.eclipse.thym.core | /debug | org.eclipse.thym.core.HybridCore | trace | 175 | Really updating the installed plugin list |
| main | 2015-03-09 18:20:23.265 | org.eclipse.thym.core | /debug | org.eclipse.thym.core.HybridCore | trace | 175 | Updated plugin list in 8 ms |
| Worker-33 | 2015-03-09 18:25:46.931 | org.eclipse.thym.core | /debug | org.eclipse.thym.core.HybridCore | trace | 175 | Really updating the installed plugin list |
| Worker-33 | 2015-03-09 18:25:46.942 | org.eclipse.thym.core | /debug | org.eclipse.thym.core.HybridCore | trace | 175 | Updated plugin list in 11 ms |
| Worker-31 | 2015-03-09 18:30:47.703 | org.eclipse.thym.core | /debug | org.eclipse.thym.core.HybridCore | trace | 175 | Really updating the installed plugin list |
| Worker-31 | 2015-03-09 18:30:47.712 | org.eclipse.thym.core | /debug | org.eclipse.thym.core.HybridCore | trace | 175 | Updated plugin list in 9 ms |
| main | 2015-03-09 18:31:44.649 | org.eclipse.thym.core | /debug | org.eclipse.thym.core.HybridCore | trace | 175 | Really updating the installed plugin list |
| main | 2015-03-09 18:31:44.657 | org.eclipse.thym.core | /debug | org.eclipse.thym.core.HybridCore | trace | 175 | Updated plugin list in 8 ms |
| Worker-24 | 2015-03-09 18:36:44.665 | org.eclipse.thym.core | /debug | org.eclipse.thym.core.HybridCore | trace | 175 | Really updating the installed plugin list |
| Worker-24 | 2015-03-09 18:36:44.675 | org.eclipse.thym.core | /debug | org.eclipse.thym.core.HybridCore | trace | 175 | Updated plugin list in 10 ms |
| Worker-34 | 2015-03-09 18:41:59.880 | org.eclipse.thym.core | /debug | org.eclipse.thym.core.HybridCore | trace | 175 | Really updating the installed plugin list |
| Worker-34 | 2015-03-09 18:41:59.891 | org.eclipse.thym.core | /debug | org.eclipse.thym.core.HybridCore | trace | 175 | Updated plugin list in 11 ms |
| Worker-31 | 2015-03-09 18:48:50.835 | org.eclipse.thym.core | /debug | org.eclipse.thym.core.HybridCore | trace | 175 | Really updating the installed plugin list |
| Worker-31 | 2015-03-09 18:48:50.844 | org.eclipse.thym.core | /debug | org.eclipse.thym.core.HybridCore | trace | 175 | Updated plugin list in 9 ms |
| Worker-37 | 2015-03-09 19:19:26.871 | org.eclipse.thym.core | /debug | org.eclipse.thym.core.HybridCore | trace | 175 | Really updating the installed plugin list |
| Worker-37 | 2015-03-09 19:19:26.880 | org.eclipse.thym.core | /debug | org.eclipse.thym.core.HybridCore | trace | 175 | Updated plugin list in 9 ms |
# !SESSION 2015-03-10 13:24:35.075
# version: 1.1
# verbose: true
# The following option strings are specified for this debug session:
# 	null
| Worker-1 | 2015-03-10 13:24:35.075 | org.eclipse.thym.core | /debug | org.eclipse.thym.core.HybridCore | trace | 175 | Really updating the installed plugin list |
| Worker-1 | 2015-03-10 13:24:35.590 | org.eclipse.thym.core | /debug | org.eclipse.thym.core.HybridCore | trace | 175 | Updated plugin list in 515 ms |
| Worker-1 | 2015-03-10 13:24:35.844 | org.eclipse.thym.core | /debug | org.eclipse.thym.core.HybridCore | trace | 175 | Really updating the installed plugin list |
| Worker-1 | 2015-03-10 13:24:35.860 | org.eclipse.thym.core | /debug | org.eclipse.thym.core.HybridCore | trace | 175 | Updated plugin list in 16 ms |
| Worker-1 | 2015-03-10 13:24:35.872 | org.eclipse.thym.core | /debug | org.eclipse.thym.core.HybridCore | trace | 175 | Really updating the installed plugin list |
| Worker-1 | 2015-03-10 13:24:35.891 | org.eclipse.thym.core | /debug | org.eclipse.thym.core.HybridCore | trace | 175 | Updated plugin list in 19 ms |
| Worker-1 | 2015-03-10 13:24:35.894 | org.eclipse.thym.core | /debug | org.eclipse.thym.core.HybridCore | trace | 175 | Really updating the installed plugin list |
| Worker-1 | 2015-03-10 13:24:35.915 | org.eclipse.thym.core | /debug | org.eclipse.thym.core.HybridCore | trace | 175 | Updated plugin list in 21 ms |
| Worker-1 | 2015-03-10 13:24:35.920 | org.eclipse.thym.core | /debug | org.eclipse.thym.core.HybridCore | trace | 175 | Really updating the installed plugin list |
| Worker-1 | 2015-03-10 13:24:35.954 | org.eclipse.thym.core | /debug | org.eclipse.thym.core.HybridCore | trace | 175 | Updated plugin list in 34 ms |
| Worker-1 | 2015-03-10 13:24:35.965 | org.eclipse.thym.core | /debug | org.eclipse.thym.core.HybridCore | trace | 175 | Really updating the installed plugin list |
| Worker-1 | 2015-03-10 13:24:36.009 | org.eclipse.thym.core | /debug | org.eclipse.thym.core.HybridCore | trace | 175 | Updated plugin list in 44 ms |
| Worker-1 | 2015-03-10 13:24:36.016 | org.eclipse.thym.core | /debug | org.eclipse.thym.core.HybridCore | trace | 175 | Really updating the installed plugin list |
| Worker-1 | 2015-03-10 13:24:36.036 | org.eclipse.thym.core | /debug | org.eclipse.thym.core.HybridCore | trace | 175 | Updated plugin list in 20 ms |
| Worker-1 | 2015-03-10 13:24:38.138 | org.eclipse.thym.core | /debug | org.eclipse.thym.core.HybridCore | trace | 175 | Really updating the installed plugin list |
| Worker-1 | 2015-03-10 13:24:38.159 | org.eclipse.thym.core | /debug | org.eclipse.thym.core.HybridCore | trace | 175 | Updated plugin list in 21 ms |
| Worker-0 | 2015-03-10 13:29:33.358 | org.eclipse.thym.core | /debug | org.eclipse.thym.core.HybridCore | trace | 175 | Really updating the installed plugin list |
| Worker-0 | 2015-03-10 13:29:33.378 | org.eclipse.thym.core | /debug | org.eclipse.thym.core.HybridCore | trace | 175 | Updated plugin list in 20 ms |
| Worker-6 | 2015-03-10 13:39:55.406 | org.eclipse.thym.core | /debug | org.eclipse.thym.core.HybridCore | trace | 175 | Really updating the installed plugin list |
| Worker-6 | 2015-03-10 13:39:55.421 | org.eclipse.thym.core | /debug | org.eclipse.thym.core.HybridCore | trace | 175 | Updated plugin list in 15 ms |
| Worker-2 | 2015-03-10 13:48:41.476 | org.eclipse.thym.core | /debug | org.eclipse.thym.core.HybridCore | trace | 175 | Really updating the installed plugin list |
| Worker-2 | 2015-03-10 13:48:41.491 | org.eclipse.thym.core | /debug | org.eclipse.thym.core.HybridCore | trace | 175 | Updated plugin list in 15 ms |
| Worker-3 | 2015-03-10 14:08:29.761 | org.eclipse.thym.core | /debug | org.eclipse.thym.core.HybridCore | trace | 175 | Really updating the installed plugin list |
| Worker-3 | 2015-03-10 14:08:29.772 | org.eclipse.thym.core | /debug | org.eclipse.thym.core.HybridCore | trace | 175 | Updated plugin list in 11 ms |
| Worker-9 | 2015-03-10 14:20:10.775 | org.eclipse.thym.core | /debug | org.eclipse.thym.core.HybridCore | trace | 175 | Really updating the installed plugin list |
| Worker-9 | 2015-03-10 14:20:10.787 | org.eclipse.thym.core | /debug | org.eclipse.thym.core.HybridCore | trace | 175 | Updated plugin list in 12 ms |
| Worker-2 | 2015-03-10 14:27:12.135 | org.eclipse.thym.core | /debug | org.eclipse.thym.core.HybridCore | trace | 175 | Really updating the installed plugin list |
| Worker-2 | 2015-03-10 14:27:12.145 | org.eclipse.thym.core | /debug | org.eclipse.thym.core.HybridCore | trace | 175 | Updated plugin list in 10 ms |
| Worker-1 | 2015-03-10 14:41:46.315 | org.eclipse.thym.core | /debug | org.eclipse.thym.core.HybridCore | trace | 175 | Really updating the installed plugin list |
| Worker-1 | 2015-03-10 14:41:46.329 | org.eclipse.thym.core | /debug | org.eclipse.thym.core.HybridCore | trace | 175 | Updated plugin list in 14 ms |
| Worker-0 | 2015-03-10 14:50:00.565 | org.eclipse.thym.core | /debug | org.eclipse.thym.core.HybridCore | trace | 175 | Really updating the installed plugin list |
| Worker-0 | 2015-03-10 14:50:00.576 | org.eclipse.thym.core | /debug | org.eclipse.thym.core.HybridCore | trace | 175 | Updated plugin list in 11 ms |
| Worker-0 | 2015-03-10 16:17:42.157 | org.eclipse.thym.core | /debug | org.eclipse.thym.core.HybridCore | trace | 175 | Really updating the installed plugin list |
| Worker-0 | 2015-03-10 16:17:42.168 | org.eclipse.thym.core | /debug | org.eclipse.thym.core.HybridCore | trace | 175 | Updated plugin list in 11 ms |
| Worker-17 | 2015-03-10 16:24:17.868 | org.eclipse.thym.core | /debug | org.eclipse.thym.core.HybridCore | trace | 175 | Really updating the installed plugin list |
| Worker-17 | 2015-03-10 16:24:17.881 | org.eclipse.thym.core | /debug | org.eclipse.thym.core.HybridCore | trace | 175 | Updated plugin list in 13 ms |
| Worker-14 | 2015-03-10 16:38:39.493 | org.eclipse.thym.core | /debug | org.eclipse.thym.core.HybridCore | trace | 175 | Really updating the installed plugin list |
| Worker-14 | 2015-03-10 16:38:39.505 | org.eclipse.thym.core | /debug | org.eclipse.thym.core.HybridCore | trace | 175 | Updated plugin list in 12 ms |
| ModalContext | 2015-03-10 17:04:22.941 | org.eclipse.thym.core | /debug | org.eclipse.thym.core.HybridCore | trace | 175 | Really updating the installed plugin list |
| ModalContext | 2015-03-10 17:04:22.955 | org.eclipse.thym.core | /debug | org.eclipse.thym.core.HybridCore | trace | 175 | Updated plugin list in 14 ms |
# !SESSION 2015-03-10 19:24:57.498
# version: 1.1
# verbose: true
# The following option strings are specified for this debug session:
# 	null
| main | 2015-03-10 19:24:57.498 | org.eclipse.thym.core | /debug | org.eclipse.thym.core.HybridCore | trace | 175 | Really updating the installed plugin list |
| main | 2015-03-10 19:24:57.648 | org.eclipse.thym.core | /debug | org.eclipse.thym.core.HybridCore | trace | 175 | Updated plugin list in 151 ms |
| main | 2015-03-10 19:24:58.118 | org.eclipse.thym.core | /debug | org.eclipse.thym.core.HybridCore | trace | 175 | Really updating the installed plugin list |
| main | 2015-03-10 19:24:58.141 | org.eclipse.thym.core | /debug | org.eclipse.thym.core.HybridCore | trace | 175 | Updated plugin list in 23 ms |
| main | 2015-03-10 19:24:58.323 | org.eclipse.thym.core | /debug | org.eclipse.thym.core.HybridCore | trace | 175 | Really updating the installed plugin list |
| main | 2015-03-10 19:24:58.345 | org.eclipse.thym.core | /debug | org.eclipse.thym.core.HybridCore | trace | 175 | Updated plugin list in 22 ms |
| main | 2015-03-10 19:24:58.349 | org.eclipse.thym.core | /debug | org.eclipse.thym.core.HybridCore | trace | 175 | Really updating the installed plugin list |
| main | 2015-03-10 19:24:58.388 | org.eclipse.thym.core | /debug | org.eclipse.thym.core.HybridCore | trace | 175 | Updated plugin list in 39 ms |
| main | 2015-03-10 19:24:58.404 | org.eclipse.thym.core | /debug | org.eclipse.thym.core.HybridCore | trace | 175 | Really updating the installed plugin list |
| main | 2015-03-10 19:24:58.464 | org.eclipse.thym.core | /debug | org.eclipse.thym.core.HybridCore | trace | 175 | Updated plugin list in 60 ms |
| main | 2015-03-10 19:24:58.467 | org.eclipse.thym.core | /debug | org.eclipse.thym.core.HybridCore | trace | 175 | Really updating the installed plugin list |
| main | 2015-03-10 19:24:58.494 | org.eclipse.thym.core | /debug | org.eclipse.thym.core.HybridCore | trace | 175 | Updated plugin list in 27 ms |
| main | 2015-03-10 19:24:58.610 | org.eclipse.thym.core | /debug | org.eclipse.thym.core.HybridCore | trace | 175 | Really updating the installed plugin list |
| main | 2015-03-10 19:24:58.629 | org.eclipse.thym.core | /debug | org.eclipse.thym.core.HybridCore | trace | 175 | Updated plugin list in 19 ms |
| Worker-1 | 2015-03-10 19:30:01.201 | org.eclipse.thym.core | /debug | org.eclipse.thym.core.HybridCore | trace | 175 | Really updating the installed plugin list |
| Worker-1 | 2015-03-10 19:30:01.212 | org.eclipse.thym.core | /debug | org.eclipse.thym.core.HybridCore | trace | 175 | Updated plugin list in 11 ms |
| main | 2015-03-10 20:19:36.451 | org.eclipse.thym.core | /debug | org.eclipse.thym.core.HybridCore | trace | 175 | Really updating the installed plugin list |
| main | 2015-03-10 20:19:36.461 | org.eclipse.thym.core | /debug | org.eclipse.thym.core.HybridCore | trace | 175 | Updated plugin list in 10 ms |
| Worker-6 | 2015-03-10 20:24:36.571 | org.eclipse.thym.core | /debug | org.eclipse.thym.core.HybridCore | trace | 175 | Really updating the installed plugin list |
| Worker-6 | 2015-03-10 20:24:36.586 | org.eclipse.thym.core | /debug | org.eclipse.thym.core.HybridCore | trace | 175 | Updated plugin list in 15 ms |
| Worker-8 | 2015-03-10 20:33:27.668 | org.eclipse.thym.core | /debug | org.eclipse.thym.core.HybridCore | trace | 175 | Really updating the installed plugin list |
| Worker-8 | 2015-03-10 20:33:27.685 | org.eclipse.thym.core | /debug | org.eclipse.thym.core.HybridCore | trace | 175 | Updated plugin list in 17 ms |
| ModalContext | 2015-03-10 20:50:43.425 | org.eclipse.thym.core | /debug | org.eclipse.thym.core.HybridCore | trace | 175 | Really updating the installed plugin list |
| ModalContext | 2015-03-10 20:50:43.439 | org.eclipse.thym.core | /debug | org.eclipse.thym.core.HybridCore | trace | 175 | Updated plugin list in 14 ms |
# !SESSION 2015-03-11 17:16:48.356
# version: 1.1
# verbose: true
# The following option strings are specified for this debug session:
# 	null
| Worker-5 | 2015-03-11 17:16:48.356 | org.eclipse.thym.core | /debug | org.eclipse.thym.core.HybridCore | trace | 175 | Really updating the installed plugin list |
| Worker-5 | 2015-03-11 17:16:48.467 | org.eclipse.thym.core | /debug | org.eclipse.thym.core.HybridCore | trace | 175 | Updated plugin list in 112 ms |
| Worker-5 | 2015-03-11 17:16:48.614 | org.eclipse.thym.core | /debug | org.eclipse.thym.core.HybridCore | trace | 175 | Really updating the installed plugin list |
| Worker-5 | 2015-03-11 17:16:48.637 | org.eclipse.thym.core | /debug | org.eclipse.thym.core.HybridCore | trace | 175 | Updated plugin list in 23 ms |
| Worker-5 | 2015-03-11 17:16:49.195 | org.eclipse.thym.core | /debug | org.eclipse.thym.core.HybridCore | trace | 175 | Really updating the installed plugin list |
| Worker-5 | 2015-03-11 17:16:49.216 | org.eclipse.thym.core | /debug | org.eclipse.thym.core.HybridCore | trace | 175 | Updated plugin list in 21 ms |
| Worker-5 | 2015-03-11 17:16:49.374 | org.eclipse.thym.core | /debug | org.eclipse.thym.core.HybridCore | trace | 175 | Really updating the installed plugin list |
| Worker-5 | 2015-03-11 17:16:49.402 | org.eclipse.thym.core | /debug | org.eclipse.thym.core.HybridCore | trace | 175 | Updated plugin list in 28 ms |
| Worker-7 | 2015-03-11 17:18:21.985 | org.eclipse.thym.core | /debug | org.eclipse.thym.core.HybridCore | trace | 175 | Really updating the installed plugin list |
| Worker-7 | 2015-03-11 17:18:22.010 | org.eclipse.thym.core | /debug | org.eclipse.thym.core.HybridCore | trace | 175 | Updated plugin list in 25 ms |
